<?xml version="1.0" encoding="UTF-8"?>
<Site BuildName="Win32-MSBuild"
	BuildStamp="20250607-0002-Experimental"
	Name="atakan"
	Generator="ctest-3.31.7"
	CompilerName="C:/Program Files (x86)/Microsoft Visual Studio/2022/BuildTools/VC/Tools/MSVC/14.44.35207/bin/Hostx64/x64/cl.exe"
	CompilerVersion="19.44.35207.1"
	OSName="Windows"
	Hostname="atakan"
	OSRelease=" Personal"
	OSVersion=" (Build 26100)"
	OSPlatform="AMD64"
	Is64Bits="1"
	VendorString="GenuineIntel"
	VendorID="Intel Corporation"
	FamilyID="6"
	ModelID="14"
	ModelName=""
	ProcessorCacheSize="-1"
	NumberOfLogicalCPU="12"
	NumberOfPhysicalCPU="6"
	TotalVirtualMemory="30574"
	TotalPhysicalMemory="16238"
	LogicalProcessorsPerPhysical="2"
	ProcessorClockFrequency="2592"
	>
	<Testing>
		<StartDateTime>Jun 08 00:15 Turkey Standard Time</StartDateTime>
		<StartTestTime>1749330917</StartTestTime>
		<TestList/>
		<EndDateTime>Jun 08 00:15 Turkey Standard Time</EndDateTime>
		<EndTestTime>1749330917</EndTestTime>
		<ElapsedMinutes>0</ElapsedMinutes>
	</Testing>
</Site>
